Using pre-set license
Built from '2021.1/release' branch; Version is '2021.1.4f1 (4cd64a618c1b) revision 5035594'; Using compiler version '192528614'; Build Type 'Release'
OS: 'Windows 10 Home Single Language; OS build 19042.928; Version 2009; 64bit' Language: 'pt' Physical Memory: 8066 MB
BatchMode: 1, IsHumanControllingUs: 0, StartBugReporterOnCrash: 0, Is64bit: 1, IsPro: 0

 COMMAND LINE ARGUMENTS:
C:\Program Files\Unity\Hub\Editor\2021.1.4f1\Editor\Unity.exe
-adb2
-batchMode
-noUpm
-name
AssetImportWorker4
-projectPath
C:/Users/super/Documents/GitHub/Escape_Room
-logFile
Logs/AssetImportWorker4.log
-srvPort
49914
Successfully changed project path to: C:/Users/super/Documents/GitHub/Escape_Room
C:/Users/super/Documents/GitHub/Escape_Room
Using Asset Import Pipeline V2.
Refreshing native plugins compatible for Editor in 116.93 ms, found 1 plugins.
Preloading 0 native plugins for Editor in 0.00 ms.
Initialize engine version: 2021.1.4f1 (4cd64a618c1b)
[Subsystems] Discovering subsystems at path C:/Program Files/Unity/Hub/Editor/2021.1.4f1/Editor/Data/Resources/UnitySubsystems
[Subsystems] Discovering subsystems at path C:/Users/super/Documents/GitHub/Escape_Room/Assets
GfxDevice: creating device client; threaded=0; jobified=0
Direct3D:
    Version:  Direct3D 11.0 [level 11.0]
    Renderer: NVIDIA GeForce 940MX (ID=0x134d)
    Vendor:   NVIDIA
    VRAM:     2010 MB
    Driver:   27.21.14.6089
Initialize mono
Mono path[0] = 'C:/Program Files/Unity/Hub/Editor/2021.1.4f1/Editor/Data/Managed'
Mono path[1] = 'C:/Program Files/Unity/Hub/Editor/2021.1.4f1/Editor/Data/MonoBleedingEdge/lib/mono/unityjit'
Mono config path = 'C:/Program Files/Unity/Hub/Editor/2021.1.4f1/Editor/Data/MonoBleedingEdge/etc'
Using monoOptions --debugger-agent=transport=dt_socket,embedding=1,server=y,suspend=n,address=127.0.0.1:56780
Begin MonoManager ReloadAssembly
Registering precompiled unity dll's ...
Register platform support module: C:/Program Files/Unity/Hub/Editor/2021.1.4f1/Editor/Data/PlaybackEngines/WindowsStandaloneSupport/UnityEditor.WindowsStandalone.Extensions.dll
Registered in 0.001878 seconds.
Native extension for WindowsStandalone target not found
Refreshing native plugins compatible for Editor in 114.28 ms, found 1 plugins.
Preloading 0 native plugins for Editor in 0.00 ms.
Mono: successfully reloaded assembly
- Completed reload, in  1.965 seconds
Platform modules already initialized, skipping
Registering precompiled user dll's ...
Registered in 0.003488 seconds.
Begin MonoManager ReloadAssembly
Native extension for WindowsStandalone target not found
Refreshing native plugins compatible for Editor in 0.57 ms, found 1 plugins.
Preloading 0 native plugins for Editor in 0.00 ms.
Mono: successfully reloaded assembly
- Completed reload, in  1.205 seconds
Platform modules already initialized, skipping
========================================================================
Worker process is ready to serve import requests
Launched and connected shader compiler UnityShaderCompiler.exe after 0.15 seconds
Refreshing native plugins compatible for Editor in 1.69 ms, found 1 plugins.
Preloading 0 native plugins for Editor in 0.00 ms.
Unloading 2972 Unused Serialized files (Serialized files now loaded: 0)
System memory in use before: 116.0 MB.
System memory in use after: 116.2 MB.

Unloading 15 unused Assets to reduce memory usage. Loaded Objects now: 3430.
Total: 2.823200 ms (FindLiveObjects: 0.276400 ms CreateObjectMapping: 0.159000 ms MarkObjects: 2.285300 ms  DeleteObjects: 0.101100 ms)

========================================================================
Received Import Request.
  path: Assets/HUD/—Pngtree—game jewel diamond_5927338.png
  artifactKey: Guid(0b577148cc566bc48ba0b7a35fc058db) Importer(815301076,1909f56bfc062723c751e8b465ee728b)
Start importing Assets/HUD/—Pngtree—game jewel diamond_5927338.png using Guid(0b577148cc566bc48ba0b7a35fc058db) Importer(815301076,1909f56bfc062723c751e8b465ee728b)  -> (artifact id: '71acbc8e79512b6256f07178baddeb1f') in 0.554136 seconds 
========================================================================
Received Import Request.
  Time since last request: 0.002098 seconds.
  path: Assets/HUD/—Pngtree—game jewel diamond_5927191.png
  artifactKey: Guid(106dcf4caab6f224f9e83990911eae75) Importer(815301076,1909f56bfc062723c751e8b465ee728b)
Start importing Assets/HUD/—Pngtree—game jewel diamond_5927191.png using Guid(106dcf4caab6f224f9e83990911eae75) Importer(815301076,1909f56bfc062723c751e8b465ee728b)  -> (artifact id: '4aa1bd56067805d8209640ae1f6633ec') in 0.131515 seconds 
========================================================================
Received Import Request.
  Time since last request: 518.981731 seconds.
  path: Assets/HUD/—Pngtree—game jewel diamond_5927191.png
  artifactKey: Guid(106dcf4caab6f224f9e83990911eae75) Importer(815301076,1909f56bfc062723c751e8b465ee728b)
Start importing Assets/HUD/—Pngtree—game jewel diamond_5927191.png using Guid(106dcf4caab6f224f9e83990911eae75) Importer(815301076,1909f56bfc062723c751e8b465ee728b)  -> (artifact id: 'c78e733439f03a815a25daef1ee5e0ff') in 0.701403 seconds 
========================================================================
Received Import Request.
  Time since last request: 7.766427 seconds.
  path: Assets/HUD/—Pngtree—game jewel diamond_5927338.png
  artifactKey: Guid(0b577148cc566bc48ba0b7a35fc058db) Importer(815301076,1909f56bfc062723c751e8b465ee728b)
Start importing Assets/HUD/—Pngtree—game jewel diamond_5927338.png using Guid(0b577148cc566bc48ba0b7a35fc058db) Importer(815301076,1909f56bfc062723c751e8b465ee728b)  -> (artifact id: '179a201bbf57ed433d037674f7938fb9') in 1.002059 seconds 
========================================================================
Received Import Request.
  Time since last request: 4.979142 seconds.
  path: Assets/HUD/—Pngtree—game jewel diamond_5927338.png
  artifactKey: Guid(0b577148cc566bc48ba0b7a35fc058db) Importer(815301076,1909f56bfc062723c751e8b465ee728b)
Start importing Assets/HUD/—Pngtree—game jewel diamond_5927338.png using Guid(0b577148cc566bc48ba0b7a35fc058db) Importer(815301076,1909f56bfc062723c751e8b465ee728b)  -> (artifact id: 'ee0aa4746cd4d368b03d025829534754') in 0.084533 seconds 
========================================================================
Received Import Request.
  Time since last request: 52.719079 seconds.
  path: Assets/HUD/—Pngtree—game jewel diamond_5927338.png
  artifactKey: Guid(0b577148cc566bc48ba0b7a35fc058db) Importer(815301076,1909f56bfc062723c751e8b465ee728b)
Start importing Assets/HUD/—Pngtree—game jewel diamond_5927338.png using Guid(0b577148cc566bc48ba0b7a35fc058db) Importer(815301076,1909f56bfc062723c751e8b465ee728b)  -> (artifact id: '03d7895f013fc073c643534495ba2014') in 0.167848 seconds 
========================================================================
Received Import Request.
  Time since last request: 11.389218 seconds.
  path: Assets/HUD/—Pngtree—game jewel diamond_5927191.png
  artifactKey: Guid(106dcf4caab6f224f9e83990911eae75) Importer(815301076,1909f56bfc062723c751e8b465ee728b)
Start importing Assets/HUD/—Pngtree—game jewel diamond_5927191.png using Guid(106dcf4caab6f224f9e83990911eae75) Importer(815301076,1909f56bfc062723c751e8b465ee728b)  -> (artifact id: '5a6f8e6ae8ed4b254eb1b95d42d5ee38') in 0.066944 seconds 
========================================================================
Received Import Request.
  Time since last request: 6.789900 seconds.
  path: Assets/HUD/—Pngtree—game jewel diamond_5927191.png
  artifactKey: Guid(106dcf4caab6f224f9e83990911eae75) Importer(815301076,1909f56bfc062723c751e8b465ee728b)
Start importing Assets/HUD/—Pngtree—game jewel diamond_5927191.png using Guid(106dcf4caab6f224f9e83990911eae75) Importer(815301076,1909f56bfc062723c751e8b465ee728b)  -> (artifact id: '00ab22a37995a6579479f621d0339c2c') in 0.223543 seconds 
========================================================================
Received Prepare
Registering precompiled user dll's ...
Registered in 3.755166 seconds.
Begin MonoManager ReloadAssembly
Native extension for WindowsStandalone target not found
Refreshing native plugins compatible for Editor in 0.57 ms, found 1 plugins.
Preloading 0 native plugins for Editor in 0.00 ms.
Mono: successfully reloaded assembly
- Completed reload, in  3.903 seconds
Platform modules already initialized, skipping
Refreshing native plugins compatible for Editor in 0.61 ms, found 1 plugins.
Preloading 0 native plugins for Editor in 0.00 ms.
Unloading 2968 Unused Serialized files (Serialized files now loaded: 0)
System memory in use before: 131.0 MB.
System memory in use after: 131.2 MB.

Unloading 10 unused Assets to reduce memory usage. Loaded Objects now: 3561.
Total: 3.513300 ms (FindLiveObjects: 0.282900 ms CreateObjectMapping: 0.155700 ms MarkObjects: 2.965300 ms  DeleteObjects: 0.108300 ms)

========================================================================
Received Import Request.
  Time since last request: 11467.001813 seconds.
  path: Assets/Scripts/Puzzle/DragDrop.cs
  artifactKey: Guid(3ad89e4182214924c911b99eb8945f77) Importer(815301076,1909f56bfc062723c751e8b465ee728b)
Start importing Assets/Scripts/Puzzle/DragDrop.cs using Guid(3ad89e4182214924c911b99eb8945f77) Importer(815301076,1909f56bfc062723c751e8b465ee728b)  -> (artifact id: 'b6ed84380d8ca2b222ed552d72b2195d') in 0.300270 seconds 
========================================================================
Received Prepare
Registering precompiled user dll's ...
Registered in 0.004520 seconds.
Begin MonoManager ReloadAssembly
Native extension for WindowsStandalone target not found
Refreshing native plugins compatible for Editor in 0.57 ms, found 1 plugins.
Preloading 0 native plugins for Editor in 0.00 ms.
Mono: successfully reloaded assembly
- Completed reload, in  2.989 seconds
Platform modules already initialized, skipping
Refreshing native plugins compatible for Editor in 0.60 ms, found 1 plugins.
Preloading 0 native plugins for Editor in 0.00 ms.
Unloading 2967 Unused Serialized files (Serialized files now loaded: 0)
System memory in use before: 131.0 MB.
System memory in use after: 131.2 MB.

Unloading 10 unused Assets to reduce memory usage. Loaded Objects now: 3565.
Total: 2.727200 ms (FindLiveObjects: 0.286400 ms CreateObjectMapping: 0.204100 ms MarkObjects: 2.172000 ms  DeleteObjects: 0.063600 ms)

========================================================================
Received Prepare
Registering precompiled user dll's ...
Registered in 0.004241 seconds.
Begin MonoManager ReloadAssembly
Native extension for WindowsStandalone target not found
Refreshing native plugins compatible for Editor in 0.60 ms, found 1 plugins.
Preloading 0 native plugins for Editor in 0.00 ms.
Mono: successfully reloaded assembly
- Completed reload, in  1.371 seconds
Platform modules already initialized, skipping
Refreshing native plugins compatible for Editor in 0.61 ms, found 1 plugins.
Preloading 0 native plugins for Editor in 0.00 ms.
Unloading 2967 Unused Serialized files (Serialized files now loaded: 0)
System memory in use before: 131.1 MB.
System memory in use after: 131.3 MB.

Unloading 10 unused Assets to reduce memory usage. Loaded Objects now: 3568.
Total: 2.835400 ms (FindLiveObjects: 0.270700 ms CreateObjectMapping: 0.185600 ms MarkObjects: 2.319000 ms  DeleteObjects: 0.058800 ms)

========================================================================
Received Import Request.
  Time since last request: 764.882137 seconds.
  path: Assets/Scripts/Puzzle/DragDrop.cs
  artifactKey: Guid(3ad89e4182214924c911b99eb8945f77) Importer(815301076,1909f56bfc062723c751e8b465ee728b)
Start importing Assets/Scripts/Puzzle/DragDrop.cs using Guid(3ad89e4182214924c911b99eb8945f77) Importer(815301076,1909f56bfc062723c751e8b465ee728b)  -> (artifact id: 'f728429e745b2494aa0fe893a2464bb3') in 0.011249 seconds 
========================================================================
Received Prepare
Registering precompiled user dll's ...
Registered in 0.003965 seconds.
Begin MonoManager ReloadAssembly
Native extension for WindowsStandalone target not found
Refreshing native plugins compatible for Editor in 0.62 ms, found 1 plugins.
Preloading 0 native plugins for Editor in 0.00 ms.
Mono: successfully reloaded assembly
- Completed reload, in  1.357 seconds
Platform modules already initialized, skipping
Refreshing native plugins compatible for Editor in 0.60 ms, found 1 plugins.
Preloading 0 native plugins for Editor in 0.00 ms.
Unloading 2967 Unused Serialized files (Serialized files now loaded: 0)
System memory in use before: 131.1 MB.
System memory in use after: 131.3 MB.

Unloading 10 unused Assets to reduce memory usage. Loaded Objects now: 3571.
Total: 59.203000 ms (FindLiveObjects: 0.326600 ms CreateObjectMapping: 0.273600 ms MarkObjects: 58.440800 ms  DeleteObjects: 0.158600 ms)

========================================================================
Received Prepare
Registering precompiled user dll's ...
Registered in 0.005659 seconds.
Begin MonoManager ReloadAssembly
Native extension for WindowsStandalone target not found
Refreshing native plugins compatible for Editor in 0.62 ms, found 1 plugins.
Preloading 0 native plugins for Editor in 0.00 ms.
Mono: successfully reloaded assembly
- Completed reload, in  1.571 seconds
Platform modules already initialized, skipping
Refreshing native plugins compatible for Editor in 0.64 ms, found 1 plugins.
Preloading 0 native plugins for Editor in 0.00 ms.
Unloading 2967 Unused Serialized files (Serialized files now loaded: 0)
System memory in use before: 131.1 MB.
System memory in use after: 131.3 MB.

Unloading 10 unused Assets to reduce memory usage. Loaded Objects now: 3574.
Total: 3.197700 ms (FindLiveObjects: 0.504900 ms CreateObjectMapping: 0.287600 ms MarkObjects: 2.343400 ms  DeleteObjects: 0.059900 ms)

========================================================================
Received Prepare
Registering precompiled user dll's ...
Registered in 0.005842 seconds.
Begin MonoManager ReloadAssembly
Native extension for WindowsStandalone target not found
Refreshing native plugins compatible for Editor in 0.63 ms, found 1 plugins.
Preloading 0 native plugins for Editor in 0.00 ms.
Mono: successfully reloaded assembly
- Completed reload, in  1.322 seconds
Platform modules already initialized, skipping
Refreshing native plugins compatible for Editor in 0.63 ms, found 1 plugins.
Preloading 0 native plugins for Editor in 0.00 ms.
Unloading 2967 Unused Serialized files (Serialized files now loaded: 0)
System memory in use before: 131.1 MB.
System memory in use after: 131.3 MB.

Unloading 10 unused Assets to reduce memory usage. Loaded Objects now: 3577.
Total: 2.911700 ms (FindLiveObjects: 0.276600 ms CreateObjectMapping: 0.186800 ms MarkObjects: 2.356100 ms  DeleteObjects: 0.090500 ms)

========================================================================
Received Prepare
Registering precompiled user dll's ...
Registered in 0.004790 seconds.
Begin MonoManager ReloadAssembly
Native extension for WindowsStandalone target not found
Refreshing native plugins compatible for Editor in 0.74 ms, found 1 plugins.
Preloading 0 native plugins for Editor in 0.00 ms.
Mono: successfully reloaded assembly
- Completed reload, in  1.336 seconds
Platform modules already initialized, skipping
Refreshing native plugins compatible for Editor in 2.99 ms, found 1 plugins.
Preloading 0 native plugins for Editor in 0.00 ms.
Unloading 2967 Unused Serialized files (Serialized files now loaded: 0)
System memory in use before: 131.1 MB.
System memory in use after: 131.3 MB.

Unloading 10 unused Assets to reduce memory usage. Loaded Objects now: 3580.
Total: 12.342800 ms (FindLiveObjects: 0.420200 ms CreateObjectMapping: 0.254100 ms MarkObjects: 11.320200 ms  DeleteObjects: 0.346700 ms)

========================================================================
Received Import Request.
  Time since last request: 469.964216 seconds.
  path: Assets/Prefabs
  artifactKey: Guid(a90a8c3392c8215429d92292fb23717f) Importer(815301076,1909f56bfc062723c751e8b465ee728b)
Start importing Assets/Prefabs using Guid(a90a8c3392c8215429d92292fb23717f) Importer(815301076,1909f56bfc062723c751e8b465ee728b)  -> (artifact id: 'e8944b158c2fdc6fa281f3669756df1f') in 0.020480 seconds 
========================================================================
Received Import Request.
  Time since last request: 2.804727 seconds.
  path: Assets/Prefabs/J5.prefab
  artifactKey: Guid(701b109787594bd45acf6c5c612b5521) Importer(815301076,1909f56bfc062723c751e8b465ee728b)
Start importing Assets/Prefabs/J5.prefab using Guid(701b109787594bd45acf6c5c612b5521) Importer(815301076,1909f56bfc062723c751e8b465ee728b)  -> (artifact id: '69858667b8f70aec08b6c9c999a61807') in 0.241459 seconds 
========================================================================
Received Import Request.
  Time since last request: 55.521080 seconds.
  path: Assets/Prefabs/jRandom.prefab
  artifactKey: Guid(701b109787594bd45acf6c5c612b5521) Importer(815301076,1909f56bfc062723c751e8b465ee728b)
Start importing Assets/Prefabs/jRandom.prefab using Guid(701b109787594bd45acf6c5c612b5521) Importer(815301076,1909f56bfc062723c751e8b465ee728b)  -> (artifact id: '6d16ba2fd561e3ed5196d93b115c66f4') in 0.018558 seconds 
========================================================================
Received Prepare
Registering precompiled user dll's ...
Registered in 0.005489 seconds.
Begin MonoManager ReloadAssembly
Native extension for WindowsStandalone target not found
Refreshing native plugins compatible for Editor in 0.59 ms, found 1 plugins.
Preloading 0 native plugins for Editor in 0.00 ms.
Mono: successfully reloaded assembly
- Completed reload, in  1.283 seconds
Platform modules already initialized, skipping
Refreshing native plugins compatible for Editor in 1.04 ms, found 1 plugins.
Preloading 0 native plugins for Editor in 0.00 ms.
Unloading 2967 Unused Serialized files (Serialized files now loaded: 0)
System memory in use before: 131.2 MB.
System memory in use after: 131.4 MB.

Unloading 10 unused Assets to reduce memory usage. Loaded Objects now: 3583.
Total: 3.306800 ms (FindLiveObjects: 0.319200 ms CreateObjectMapping: 0.236000 ms MarkObjects: 2.678900 ms  DeleteObjects: 0.070500 ms)

========================================================================
Received Import Request.
  Time since last request: 434.903931 seconds.
  path: Assets/Prefabs/jRandom.prefab
  artifactKey: Guid(701b109787594bd45acf6c5c612b5521) Importer(815301076,1909f56bfc062723c751e8b465ee728b)
Start importing Assets/Prefabs/jRandom.prefab using Guid(701b109787594bd45acf6c5c612b5521) Importer(815301076,1909f56bfc062723c751e8b465ee728b)  -> (artifact id: 'd8117e98095aa9fd1a567623beb03346') in 0.063643 seconds 
========================================================================
Received Prepare
Registering precompiled user dll's ...
Registered in 0.005779 seconds.
Begin MonoManager ReloadAssembly
Native extension for WindowsStandalone target not found
Refreshing native plugins compatible for Editor in 0.63 ms, found 1 plugins.
Preloading 0 native plugins for Editor in 0.00 ms.
Mono: successfully reloaded assembly
- Completed reload, in  1.694 seconds
Platform modules already initialized, skipping
Refreshing native plugins compatible for Editor in 0.58 ms, found 1 plugins.
Preloading 0 native plugins for Editor in 0.00 ms.
Unloading 2967 Unused Serialized files (Serialized files now loaded: 0)
System memory in use before: 131.2 MB.
System memory in use after: 131.4 MB.

Unloading 10 unused Assets to reduce memory usage. Loaded Objects now: 3586.
Total: 2.845000 ms (FindLiveObjects: 0.313400 ms CreateObjectMapping: 0.206200 ms MarkObjects: 2.269400 ms  DeleteObjects: 0.054700 ms)

========================================================================
Received Prepare
Registering precompiled user dll's ...
Registered in 0.003672 seconds.
Begin MonoManager ReloadAssembly
Native extension for WindowsStandalone target not found
Refreshing native plugins compatible for Editor in 0.93 ms, found 1 plugins.
Preloading 0 native plugins for Editor in 0.00 ms.
Mono: successfully reloaded assembly
- Completed reload, in  1.325 seconds
Platform modules already initialized, skipping
Refreshing native plugins compatible for Editor in 0.64 ms, found 1 plugins.
Preloading 0 native plugins for Editor in 0.00 ms.
Unloading 2967 Unused Serialized files (Serialized files now loaded: 0)
System memory in use before: 131.2 MB.
System memory in use after: 131.4 MB.

Unloading 10 unused Assets to reduce memory usage. Loaded Objects now: 3589.
Total: 2.603500 ms (FindLiveObjects: 0.290400 ms CreateObjectMapping: 0.211300 ms MarkObjects: 2.035300 ms  DeleteObjects: 0.064800 ms)

========================================================================
Received Prepare
Registering precompiled user dll's ...
Registered in 0.004721 seconds.
Begin MonoManager ReloadAssembly
Native extension for WindowsStandalone target not found
Refreshing native plugins compatible for Editor in 0.59 ms, found 1 plugins.
Preloading 0 native plugins for Editor in 0.00 ms.
Mono: successfully reloaded assembly
- Completed reload, in  1.327 seconds
Platform modules already initialized, skipping
Refreshing native plugins compatible for Editor in 0.62 ms, found 1 plugins.
Preloading 0 native plugins for Editor in 0.00 ms.
Unloading 2967 Unused Serialized files (Serialized files now loaded: 0)
System memory in use before: 131.2 MB.
System memory in use after: 131.4 MB.

Unloading 10 unused Assets to reduce memory usage. Loaded Objects now: 3592.
Total: 3.046200 ms (FindLiveObjects: 0.271600 ms CreateObjectMapping: 0.184600 ms MarkObjects: 2.534500 ms  DeleteObjects: 0.054200 ms)

========================================================================
Received Prepare
Registering precompiled user dll's ...
Registered in 0.003747 seconds.
Begin MonoManager ReloadAssembly
Native extension for WindowsStandalone target not found
Refreshing native plugins compatible for Editor in 0.64 ms, found 1 plugins.
Preloading 0 native plugins for Editor in 0.00 ms.
Mono: successfully reloaded assembly
- Completed reload, in  1.101 seconds
Platform modules already initialized, skipping
Refreshing native plugins compatible for Editor in 0.60 ms, found 1 plugins.
Preloading 0 native plugins for Editor in 0.00 ms.
Unloading 2967 Unused Serialized files (Serialized files now loaded: 0)
System memory in use before: 131.2 MB.
System memory in use after: 131.4 MB.

Unloading 10 unused Assets to reduce memory usage. Loaded Objects now: 3595.
Total: 2.971800 ms (FindLiveObjects: 0.306200 ms CreateObjectMapping: 0.190000 ms MarkObjects: 2.421800 ms  DeleteObjects: 0.052700 ms)

========================================================================
Received Prepare
Registering precompiled user dll's ...
Registered in 0.005688 seconds.
Begin MonoManager ReloadAssembly
Native extension for WindowsStandalone target not found
Refreshing native plugins compatible for Editor in 0.92 ms, found 1 plugins.
Preloading 0 native plugins for Editor in 0.00 ms.
Mono: successfully reloaded assembly
- Completed reload, in  1.446 seconds
Platform modules already initialized, skipping
Refreshing native plugins compatible for Editor in 0.60 ms, found 1 plugins.
Preloading 0 native plugins for Editor in 0.00 ms.
Unloading 2967 Unused Serialized files (Serialized files now loaded: 0)
System memory in use before: 131.2 MB.
System memory in use after: 131.4 MB.

Unloading 10 unused Assets to reduce memory usage. Loaded Objects now: 3598.
Total: 2.818100 ms (FindLiveObjects: 0.374900 ms CreateObjectMapping: 0.252800 ms MarkObjects: 2.124600 ms  DeleteObjects: 0.064500 ms)

========================================================================
Received Import Request.
  Time since last request: 4082.938294 seconds.
  path: Assets/Scripts/ItemSelect.cs
  artifactKey: Guid(6b321f8ef4f491a4c9cfa3372fc5d0a5) Importer(815301076,1909f56bfc062723c751e8b465ee728b)
Start importing Assets/Scripts/ItemSelect.cs using Guid(6b321f8ef4f491a4c9cfa3372fc5d0a5) Importer(815301076,1909f56bfc062723c751e8b465ee728b)  -> (artifact id: '6031d001c2413b55e09ce069516299e9') in 0.042746 seconds 
========================================================================
Received Prepare
Registering precompiled user dll's ...
Registered in 0.003646 seconds.
Begin MonoManager ReloadAssembly
Native extension for WindowsStandalone target not found
Refreshing native plugins compatible for Editor in 0.78 ms, found 1 plugins.
Preloading 0 native plugins for Editor in 0.00 ms.
Mono: successfully reloaded assembly
- Completed reload, in  1.299 seconds
Platform modules already initialized, skipping
Refreshing native plugins compatible for Editor in 0.62 ms, found 1 plugins.
Preloading 0 native plugins for Editor in 0.00 ms.
Unloading 2968 Unused Serialized files (Serialized files now loaded: 0)
System memory in use before: 131.2 MB.
System memory in use after: 131.4 MB.

Unloading 10 unused Assets to reduce memory usage. Loaded Objects now: 3602.
Total: 6.362800 ms (FindLiveObjects: 0.717400 ms CreateObjectMapping: 1.639500 ms MarkObjects: 3.946500 ms  DeleteObjects: 0.057600 ms)

========================================================================
Received Prepare
Registering precompiled user dll's ...
Registered in 0.005558 seconds.
Begin MonoManager ReloadAssembly
Native extension for WindowsStandalone target not found
Refreshing native plugins compatible for Editor in 0.60 ms, found 1 plugins.
Preloading 0 native plugins for Editor in 0.00 ms.
Mono: successfully reloaded assembly
- Completed reload, in  1.367 seconds
Platform modules already initialized, skipping
Refreshing native plugins compatible for Editor in 0.60 ms, found 1 plugins.
Preloading 0 native plugins for Editor in 0.00 ms.
Unloading 2968 Unused Serialized files (Serialized files now loaded: 0)
System memory in use before: 131.2 MB.
System memory in use after: 131.4 MB.

Unloading 10 unused Assets to reduce memory usage. Loaded Objects now: 3605.
Total: 2.981200 ms (FindLiveObjects: 0.454900 ms CreateObjectMapping: 0.183800 ms MarkObjects: 2.278500 ms  DeleteObjects: 0.061000 ms)

========================================================================
Received Prepare
Registering precompiled user dll's ...
Registered in 0.005290 seconds.
Begin MonoManager ReloadAssembly
Native extension for WindowsStandalone target not found
Refreshing native plugins compatible for Editor in 0.58 ms, found 1 plugins.
Preloading 0 native plugins for Editor in 0.00 ms.
Mono: successfully reloaded assembly
- Completed reload, in  1.266 seconds
Platform modules already initialized, skipping
Refreshing native plugins compatible for Editor in 0.58 ms, found 1 plugins.
Preloading 0 native plugins for Editor in 0.00 ms.
Unloading 2968 Unused Serialized files (Serialized files now loaded: 0)
System memory in use before: 131.2 MB.
System memory in use after: 131.4 MB.

Unloading 10 unused Assets to reduce memory usage. Loaded Objects now: 3608.
Total: 2.990000 ms (FindLiveObjects: 0.286700 ms CreateObjectMapping: 0.280000 ms MarkObjects: 2.363800 ms  DeleteObjects: 0.058000 ms)

========================================================================
Received Import Request.
  Time since last request: 85.103269 seconds.
  path: Assets/Scripts/Puzzle/ItemSelect.cs
  artifactKey: Guid(6b321f8ef4f491a4c9cfa3372fc5d0a5) Importer(815301076,1909f56bfc062723c751e8b465ee728b)
Start importing Assets/Scripts/Puzzle/ItemSelect.cs using Guid(6b321f8ef4f491a4c9cfa3372fc5d0a5) Importer(815301076,1909f56bfc062723c751e8b465ee728b)  -> (artifact id: 'b3baeabc6d12d620d0929cc1f58709df') in 0.007808 seconds 
========================================================================
Received Import Request.
  Time since last request: 1.482914 seconds.
  path: Assets/Scripts/Puzzle/ItemSlot.cs
  artifactKey: Guid(6b321f8ef4f491a4c9cfa3372fc5d0a5) Importer(815301076,1909f56bfc062723c751e8b465ee728b)
Start importing Assets/Scripts/Puzzle/ItemSlot.cs using Guid(6b321f8ef4f491a4c9cfa3372fc5d0a5) Importer(815301076,1909f56bfc062723c751e8b465ee728b)  -> (artifact id: 'c8bf49be227a93e27d4b79ea60d35901') in 0.497264 seconds 
========================================================================
Received Prepare
Registering precompiled user dll's ...
Registered in 0.005093 seconds.
Begin MonoManager ReloadAssembly
Native extension for WindowsStandalone target not found
Refreshing native plugins compatible for Editor in 0.58 ms, found 1 plugins.
Preloading 0 native plugins for Editor in 0.00 ms.
Mono: successfully reloaded assembly
- Completed reload, in  1.364 seconds
Platform modules already initialized, skipping
Refreshing native plugins compatible for Editor in 0.65 ms, found 1 plugins.
Preloading 0 native plugins for Editor in 0.00 ms.
Unloading 2968 Unused Serialized files (Serialized files now loaded: 0)
System memory in use before: 131.3 MB.
System memory in use after: 131.5 MB.

Unloading 10 unused Assets to reduce memory usage. Loaded Objects now: 3611.
Total: 6.151800 ms (FindLiveObjects: 0.805300 ms CreateObjectMapping: 0.515700 ms MarkObjects: 4.632100 ms  DeleteObjects: 0.196500 ms)

========================================================================
Received Import Request.
  Time since last request: 68.466802 seconds.
  path: Assets/Scripts/Puzzle/ItemSelect.cs
  artifactKey: Guid(f61e497cd34cd064a871e411341d8092) Importer(815301076,1909f56bfc062723c751e8b465ee728b)
Start importing Assets/Scripts/Puzzle/ItemSelect.cs using Guid(f61e497cd34cd064a871e411341d8092) Importer(815301076,1909f56bfc062723c751e8b465ee728b)  -> (artifact id: '08163451dc0bc6e818215d902eb77753') in 0.010233 seconds 
========================================================================
Received Prepare
Registering precompiled user dll's ...
Registered in 0.003929 seconds.
Begin MonoManager ReloadAssembly
Native extension for WindowsStandalone target not found
Refreshing native plugins compatible for Editor in 0.60 ms, found 1 plugins.
Preloading 0 native plugins for Editor in 0.00 ms.
Mono: successfully reloaded assembly
- Completed reload, in  1.327 seconds
Platform modules already initialized, skipping
Refreshing native plugins compatible for Editor in 0.61 ms, found 1 plugins.
Preloading 0 native plugins for Editor in 0.00 ms.
Unloading 2968 Unused Serialized files (Serialized files now loaded: 0)
System memory in use before: 131.3 MB.
System memory in use after: 131.5 MB.

Unloading 10 unused Assets to reduce memory usage. Loaded Objects now: 3614.
Total: 2.651000 ms (FindLiveObjects: 0.272800 ms CreateObjectMapping: 0.138800 ms MarkObjects: 2.178900 ms  DeleteObjects: 0.059200 ms)

========================================================================
Received Prepare
Registering precompiled user dll's ...
Registered in 0.006099 seconds.
Begin MonoManager ReloadAssembly
Native extension for WindowsStandalone target not found
Refreshing native plugins compatible for Editor in 0.60 ms, found 1 plugins.
Preloading 0 native plugins for Editor in 0.00 ms.
Mono: successfully reloaded assembly
- Completed reload, in  1.313 seconds
Platform modules already initialized, skipping
Refreshing native plugins compatible for Editor in 1.19 ms, found 1 plugins.
Preloading 0 native plugins for Editor in 0.00 ms.
Unloading 2968 Unused Serialized files (Serialized files now loaded: 0)
System memory in use before: 131.3 MB.
System memory in use after: 131.5 MB.

Unloading 10 unused Assets to reduce memory usage. Loaded Objects now: 3617.
Total: 3.230700 ms (FindLiveObjects: 0.381600 ms CreateObjectMapping: 0.238600 ms MarkObjects: 2.549000 ms  DeleteObjects: 0.060300 ms)

========================================================================
Received Import Request.
  Time since last request: 108.477780 seconds.
  path: Assets/Scripts/Puzzle/ItemSlot.cs
  artifactKey: Guid(6b321f8ef4f491a4c9cfa3372fc5d0a5) Importer(815301076,1909f56bfc062723c751e8b465ee728b)
Start importing Assets/Scripts/Puzzle/ItemSlot.cs using Guid(6b321f8ef4f491a4c9cfa3372fc5d0a5) Importer(815301076,1909f56bfc062723c751e8b465ee728b)  -> (artifact id: 'ed5ef6c648224593a328c39a0230b315') in 0.008010 seconds 
========================================================================
Received Import Request.
  Time since last request: 61.982660 seconds.
  path: Assets/Prefabs/jRandom.prefab
  artifactKey: Guid(701b109787594bd45acf6c5c612b5521) Importer(815301076,1909f56bfc062723c751e8b465ee728b)
Start importing Assets/Prefabs/jRandom.prefab using Guid(701b109787594bd45acf6c5c612b5521) Importer(815301076,1909f56bfc062723c751e8b465ee728b)  -> (artifact id: '53bf3741244cc66ed613566cd9a90d9c') in 0.061128 seconds 
========================================================================
Received Prepare
Registering precompiled user dll's ...
Registered in 0.004427 seconds.
Begin MonoManager ReloadAssembly
Native extension for WindowsStandalone target not found
Refreshing native plugins compatible for Editor in 0.90 ms, found 1 plugins.
Preloading 0 native plugins for Editor in 0.00 ms.
Mono: successfully reloaded assembly
- Completed reload, in  1.306 seconds
Platform modules already initialized, skipping
Refreshing native plugins compatible for Editor in 0.64 ms, found 1 plugins.
Preloading 0 native plugins for Editor in 0.00 ms.
Unloading 2968 Unused Serialized files (Serialized files now loaded: 0)
System memory in use before: 131.3 MB.
System memory in use after: 131.5 MB.

Unloading 10 unused Assets to reduce memory usage. Loaded Objects now: 3620.
Total: 2.678000 ms (FindLiveObjects: 0.289400 ms CreateObjectMapping: 0.235800 ms MarkObjects: 2.091900 ms  DeleteObjects: 0.059500 ms)

========================================================================
Received Prepare
Registering precompiled user dll's ...
Registered in 0.004998 seconds.
Begin MonoManager ReloadAssembly
Native extension for WindowsStandalone target not found
Refreshing native plugins compatible for Editor in 0.90 ms, found 1 plugins.
Preloading 0 native plugins for Editor in 0.00 ms.
Mono: successfully reloaded assembly
- Completed reload, in  1.254 seconds
Platform modules already initialized, skipping
Refreshing native plugins compatible for Editor in 0.74 ms, found 1 plugins.
Preloading 0 native plugins for Editor in 0.00 ms.
Unloading 2968 Unused Serialized files (Serialized files now loaded: 0)
System memory in use before: 131.3 MB.
System memory in use after: 131.5 MB.

Unloading 10 unused Assets to reduce memory usage. Loaded Objects now: 3623.
Total: 7.650800 ms (FindLiveObjects: 0.675100 ms CreateObjectMapping: 0.455400 ms MarkObjects: 6.390100 ms  DeleteObjects: 0.127200 ms)

========================================================================
Received Prepare
Registering precompiled user dll's ...
Registered in 0.003685 seconds.
Begin MonoManager ReloadAssembly
Native extension for WindowsStandalone target not found
Refreshing native plugins compatible for Editor in 0.58 ms, found 1 plugins.
Preloading 0 native plugins for Editor in 0.00 ms.
Mono: successfully reloaded assembly
- Completed reload, in  1.114 seconds
Platform modules already initialized, skipping
Refreshing native plugins compatible for Editor in 0.59 ms, found 1 plugins.
Preloading 0 native plugins for Editor in 0.00 ms.
Unloading 2968 Unused Serialized files (Serialized files now loaded: 0)
System memory in use before: 131.3 MB.
System memory in use after: 131.5 MB.

Unloading 10 unused Assets to reduce memory usage. Loaded Objects now: 3626.
Total: 2.931600 ms (FindLiveObjects: 0.314600 ms CreateObjectMapping: 0.146300 ms MarkObjects: 2.410400 ms  DeleteObjects: 0.058700 ms)

AssetImportWorkerClient::OnTransportError - code=2 error=End of file
